2021-08-18 10:59:44 [main] INFO  o.s.c.c.c.ConfigServicePropertySourceLocator -
				Fetching config from server at : http://localhost:8888
2021-08-18 10:59:45 [main] INFO  o.s.c.c.c.ConfigServicePropertySourceLocator -
				Connect Timeout Exception on Url - http://localhost:8888. Will be trying the next url if available
2021-08-18 10:59:45 [main] WARN  o.s.c.c.c.ConfigServicePropertySourceLocator -
				Could not locate PropertySource: I/O error on GET request for "http://localhost:8888/twitter-to-kafka/default": Connection refused; nested exception is java.net.ConnectException: Connection refused
2021-08-18 10:59:45 [main] INFO  c.m.d.t.t.k.s.TwitterToKafkaServiceApplication -
				No active profile set, falling back to default profiles: default
2021-08-18 10:59:45 [main] INFO  o.s.cloud.context.scope.GenericScope -
				BeanFactory id=16d0e1c3-a7ee-3771-8c07-b2d4815b640f
2021-08-18 10:59:46 [main] WARN  o.s.b.w.r.c.AnnotationConfigReactiveWebServerApplicationContext -
				Exception encountered during context initialization - cancelling refresh attempt: org.springframework.beans.factory.UnsatisfiedDependencyException: Error creating bean with name 'twitterToKafkaServiceApplication': Unsatisfied dependency expressed through constructor parameter 0; nested exception is org.springframework.beans.factory.UnsatisfiedDependencyException: Error creating bean with name 'streamRunnerImpl' defined in file [/media/user/1E0A28FD0A28D395/Learning/Microservices/Event-Driven/project/microservices-demo/twitter-to-kafka-service/target/classes/com/microservices/demo/twitter/to/kafka/service/runner/impl/StreamRunnerImpl.class]: Unsatisfied dependency expressed through constructor parameter 0; nested exception is org.springframework.beans.factory.NoSuchBeanDefinitionException: No qualifying bean of type 'com.microservices.demo.appconfig.config.TwitterToConfigServerConfigData' available: expected at least 1 bean which qualifies as autowire candidate. Dependency annotations: {}
2021-08-18 10:59:46 [main] INFO  o.s.b.a.l.ConditionEvaluationReportLoggingListener -
				

Error starting ApplicationContext. To display the conditions report re-run your application with 'debug' enabled.
2021-08-18 10:59:46 [main] ERROR o.s.b.d.LoggingFailureAnalysisReporter -
				

***************************
APPLICATION FAILED TO START
***************************

Description:

Parameter 0 of constructor in com.microservices.demo.twitter.to.kafka.service.runner.impl.StreamRunnerImpl required a bean of type 'com.microservices.demo.appconfig.config.TwitterToConfigServerConfigData' that could not be found.


Action:

Consider defining a bean of type 'com.microservices.demo.appconfig.config.TwitterToConfigServerConfigData' in your configuration.

2021-08-18 11:05:59 [main] INFO  o.s.c.c.c.ConfigServicePropertySourceLocator -
				Fetching config from server at : http://localhost:8888
2021-08-18 11:06:01 [main] INFO  o.s.c.c.c.ConfigServicePropertySourceLocator -
				Located environment: name=twitter-to-kafka, profiles=[default], label=null, version=c7339cdc5b53072a3a4dc0a8abe7f96aa72f619d, state=null
2021-08-18 11:06:01 [main] INFO  o.s.c.b.c.PropertySourceBootstrapConfiguration -
				Located property source: [BootstrapPropertySource {name='bootstrapProperties-configClient'}, BootstrapPropertySource {name='bootstrapProperties-https://github.com/padmajan87/spring-cloud-config-repository.git/twitter-to-kafka.yml'}]
2021-08-18 11:06:01 [main] INFO  c.m.d.t.t.k.s.TwitterToKafkaServiceApplication -
				No active profile set, falling back to default profiles: default
2021-08-18 11:06:02 [main] INFO  o.s.cloud.context.scope.GenericScope -
				BeanFactory id=16d0e1c3-a7ee-3771-8c07-b2d4815b640f
2021-08-18 11:06:02 [main] WARN  o.s.b.w.r.c.AnnotationConfigReactiveWebServerApplicationContext -
				Exception encountered during context initialization - cancelling refresh attempt: org.springframework.beans.factory.UnsatisfiedDependencyException: Error creating bean with name 'twitterToKafkaServiceApplication': Unsatisfied dependency expressed through constructor parameter 0; nested exception is org.springframework.beans.factory.UnsatisfiedDependencyException: Error creating bean with name 'streamRunnerImpl' defined in file [/media/user/1E0A28FD0A28D395/Learning/Microservices/Event-Driven/project/microservices-demo/twitter-to-kafka-service/target/classes/com/microservices/demo/twitter/to/kafka/service/runner/impl/StreamRunnerImpl.class]: Unsatisfied dependency expressed through constructor parameter 0; nested exception is org.springframework.beans.factory.NoSuchBeanDefinitionException: No qualifying bean of type 'com.microservices.demo.appconfig.config.TwitterToConfigServerConfigData' available: expected at least 1 bean which qualifies as autowire candidate. Dependency annotations: {}
2021-08-18 11:06:03 [main] INFO  o.s.b.a.l.ConditionEvaluationReportLoggingListener -
				

Error starting ApplicationContext. To display the conditions report re-run your application with 'debug' enabled.
2021-08-18 11:06:03 [main] ERROR o.s.b.d.LoggingFailureAnalysisReporter -
				

***************************
APPLICATION FAILED TO START
***************************

Description:

Parameter 0 of constructor in com.microservices.demo.twitter.to.kafka.service.runner.impl.StreamRunnerImpl required a bean of type 'com.microservices.demo.appconfig.config.TwitterToConfigServerConfigData' that could not be found.


Action:

Consider defining a bean of type 'com.microservices.demo.appconfig.config.TwitterToConfigServerConfigData' in your configuration.

2021-08-18 11:14:37 [main] INFO  o.s.c.c.c.ConfigServicePropertySourceLocator -
				Fetching config from server at : http://localhost:8888
2021-08-18 11:14:38 [main] INFO  o.s.c.c.c.ConfigServicePropertySourceLocator -
				Located environment: name=twitter-to-kafka, profiles=[default], label=null, version=42585ca1a7089e40042d6f8521f0eddee758b925, state=null
2021-08-18 11:14:38 [main] INFO  o.s.c.b.c.PropertySourceBootstrapConfiguration -
				Located property source: [BootstrapPropertySource {name='bootstrapProperties-configClient'}, BootstrapPropertySource {name='bootstrapProperties-https://github.com/padmajan87/spring-cloud-config-repository.git/twitter-to-kafka.yml'}]
2021-08-18 11:14:38 [main] INFO  c.m.d.t.t.k.s.TwitterToKafkaServiceApplication -
				No active profile set, falling back to default profiles: default
2021-08-18 11:14:39 [main] INFO  o.s.cloud.context.scope.GenericScope -
				BeanFactory id=16d0e1c3-a7ee-3771-8c07-b2d4815b640f
2021-08-18 11:14:39 [main] WARN  o.s.b.w.r.c.AnnotationConfigReactiveWebServerApplicationContext -
				Exception encountered during context initialization - cancelling refresh attempt: org.springframework.beans.factory.UnsatisfiedDependencyException: Error creating bean with name 'twitterToKafkaServiceApplication': Unsatisfied dependency expressed through constructor parameter 0; nested exception is org.springframework.beans.factory.UnsatisfiedDependencyException: Error creating bean with name 'streamRunnerImpl' defined in file [/media/user/1E0A28FD0A28D395/Learning/Microservices/Event-Driven/project/microservices-demo/twitter-to-kafka-service/target/classes/com/microservices/demo/twitter/to/kafka/service/runner/impl/StreamRunnerImpl.class]: Unsatisfied dependency expressed through constructor parameter 0; nested exception is org.springframework.beans.factory.NoSuchBeanDefinitionException: No qualifying bean of type 'com.microservices.demo.appconfig.config.TwitterToConfigServerConfigData' available: expected at least 1 bean which qualifies as autowire candidate. Dependency annotations: {}
2021-08-18 11:14:39 [main] INFO  o.s.b.a.l.ConditionEvaluationReportLoggingListener -
				

Error starting ApplicationContext. To display the conditions report re-run your application with 'debug' enabled.
2021-08-18 11:14:39 [main] ERROR o.s.b.d.LoggingFailureAnalysisReporter -
				

***************************
APPLICATION FAILED TO START
***************************

Description:

Parameter 0 of constructor in com.microservices.demo.twitter.to.kafka.service.runner.impl.StreamRunnerImpl required a bean of type 'com.microservices.demo.appconfig.config.TwitterToConfigServerConfigData' that could not be found.


Action:

Consider defining a bean of type 'com.microservices.demo.appconfig.config.TwitterToConfigServerConfigData' in your configuration.

2021-08-18 11:18:55 [main] INFO  o.s.c.c.c.ConfigServicePropertySourceLocator -
				Fetching config from server at : http://localhost:8888
2021-08-18 11:18:56 [main] INFO  o.s.c.c.c.ConfigServicePropertySourceLocator -
				Located environment: name=twitter-to-kafka, profiles=[default], label=null, version=42585ca1a7089e40042d6f8521f0eddee758b925, state=null
2021-08-18 11:18:56 [main] INFO  o.s.c.b.c.PropertySourceBootstrapConfiguration -
				Located property source: [BootstrapPropertySource {name='bootstrapProperties-configClient'}, BootstrapPropertySource {name='bootstrapProperties-https://github.com/padmajan87/spring-cloud-config-repository.git/twitter-to-kafka.yml'}]
2021-08-18 11:18:56 [main] INFO  c.m.d.t.t.k.s.TwitterToKafkaServiceApplication -
				No active profile set, falling back to default profiles: default
2021-08-18 11:18:57 [main] INFO  o.s.cloud.context.scope.GenericScope -
				BeanFactory id=16d0e1c3-a7ee-3771-8c07-b2d4815b640f
2021-08-18 11:18:57 [main] WARN  o.s.b.w.r.c.AnnotationConfigReactiveWebServerApplicationContext -
				Exception encountered during context initialization - cancelling refresh attempt: org.springframework.beans.factory.UnsatisfiedDependencyException: Error creating bean with name 'twitterToKafkaServiceApplication': Unsatisfied dependency expressed through constructor parameter 0; nested exception is org.springframework.beans.factory.UnsatisfiedDependencyException: Error creating bean with name 'streamRunnerImpl' defined in file [/media/user/1E0A28FD0A28D395/Learning/Microservices/Event-Driven/project/microservices-demo/twitter-to-kafka-service/target/classes/com/microservices/demo/twitter/to/kafka/service/runner/impl/StreamRunnerImpl.class]: Unsatisfied dependency expressed through constructor parameter 0; nested exception is org.springframework.beans.factory.NoSuchBeanDefinitionException: No qualifying bean of type 'com.microservices.demo.appconfig.config.TwitterToConfigServerConfigData' available: expected at least 1 bean which qualifies as autowire candidate. Dependency annotations: {}
2021-08-18 11:18:58 [main] INFO  o.s.b.a.l.ConditionEvaluationReportLoggingListener -
				

Error starting ApplicationContext. To display the conditions report re-run your application with 'debug' enabled.
2021-08-18 11:18:58 [main] ERROR o.s.b.d.LoggingFailureAnalysisReporter -
				

***************************
APPLICATION FAILED TO START
***************************

Description:

Parameter 0 of constructor in com.microservices.demo.twitter.to.kafka.service.runner.impl.StreamRunnerImpl required a bean of type 'com.microservices.demo.appconfig.config.TwitterToConfigServerConfigData' that could not be found.


Action:

Consider defining a bean of type 'com.microservices.demo.appconfig.config.TwitterToConfigServerConfigData' in your configuration.

2021-08-18 11:20:05 [main] INFO  o.s.c.c.c.ConfigServicePropertySourceLocator -
				Fetching config from server at : http://localhost:8888
2021-08-18 11:20:06 [main] INFO  o.s.c.c.c.ConfigServicePropertySourceLocator -
				Located environment: name=twitter-to-kafka, profiles=[default], label=null, version=42585ca1a7089e40042d6f8521f0eddee758b925, state=null
2021-08-18 11:20:06 [main] INFO  o.s.c.b.c.PropertySourceBootstrapConfiguration -
				Located property source: [BootstrapPropertySource {name='bootstrapProperties-configClient'}, BootstrapPropertySource {name='bootstrapProperties-https://github.com/padmajan87/spring-cloud-config-repository.git/twitter-to-kafka.yml'}]
2021-08-18 11:20:06 [main] INFO  c.m.d.t.t.k.s.TwitterToKafkaServiceApplication -
				No active profile set, falling back to default profiles: default
2021-08-18 11:20:07 [main] INFO  o.s.cloud.context.scope.GenericScope -
				BeanFactory id=16d0e1c3-a7ee-3771-8c07-b2d4815b640f
2021-08-18 11:20:07 [main] WARN  o.s.b.w.r.c.AnnotationConfigReactiveWebServerApplicationContext -
				Exception encountered during context initialization - cancelling refresh attempt: org.springframework.beans.factory.UnsatisfiedDependencyException: Error creating bean with name 'twitterToKafkaServiceApplication': Unsatisfied dependency expressed through constructor parameter 0; nested exception is org.springframework.beans.factory.UnsatisfiedDependencyException: Error creating bean with name 'streamRunnerImpl' defined in file [/media/user/1E0A28FD0A28D395/Learning/Microservices/Event-Driven/project/microservices-demo/twitter-to-kafka-service/target/classes/com/microservices/demo/twitter/to/kafka/service/runner/impl/StreamRunnerImpl.class]: Unsatisfied dependency expressed through constructor parameter 0; nested exception is org.springframework.beans.factory.NoSuchBeanDefinitionException: No qualifying bean of type 'com.microservices.demo.appconfig.config.TwitterToConfigServerConfigData' available: expected at least 1 bean which qualifies as autowire candidate. Dependency annotations: {}
2021-08-18 11:20:07 [main] INFO  o.s.b.a.l.ConditionEvaluationReportLoggingListener -
				

Error starting ApplicationContext. To display the conditions report re-run your application with 'debug' enabled.
2021-08-18 11:20:08 [main] ERROR o.s.b.d.LoggingFailureAnalysisReporter -
				

***************************
APPLICATION FAILED TO START
***************************

Description:

Parameter 0 of constructor in com.microservices.demo.twitter.to.kafka.service.runner.impl.StreamRunnerImpl required a bean of type 'com.microservices.demo.appconfig.config.TwitterToConfigServerConfigData' that could not be found.


Action:

Consider defining a bean of type 'com.microservices.demo.appconfig.config.TwitterToConfigServerConfigData' in your configuration.

2021-08-18 11:21:45 [main] INFO  o.s.c.c.c.ConfigServicePropertySourceLocator -
				Fetching config from server at : http://localhost:8888
2021-08-18 11:21:46 [main] INFO  o.s.c.c.c.ConfigServicePropertySourceLocator -
				Located environment: name=twitter-to-kafka, profiles=[default], label=null, version=42585ca1a7089e40042d6f8521f0eddee758b925, state=null
2021-08-18 11:21:46 [main] INFO  o.s.c.b.c.PropertySourceBootstrapConfiguration -
				Located property source: [BootstrapPropertySource {name='bootstrapProperties-configClient'}, BootstrapPropertySource {name='bootstrapProperties-https://github.com/padmajan87/spring-cloud-config-repository.git/twitter-to-kafka.yml'}]
2021-08-18 11:21:46 [main] INFO  c.m.d.t.t.k.s.TwitterToKafkaServiceApplication -
				No active profile set, falling back to default profiles: default
2021-08-18 11:21:47 [main] INFO  o.s.cloud.context.scope.GenericScope -
				BeanFactory id=16d0e1c3-a7ee-3771-8c07-b2d4815b640f
2021-08-18 11:21:47 [main] WARN  o.s.b.w.r.c.AnnotationConfigReactiveWebServerApplicationContext -
				Exception encountered during context initialization - cancelling refresh attempt: org.springframework.beans.factory.UnsatisfiedDependencyException: Error creating bean with name 'twitterToKafkaServiceApplication': Unsatisfied dependency expressed through constructor parameter 0; nested exception is org.springframework.beans.factory.UnsatisfiedDependencyException: Error creating bean with name 'streamRunnerImpl' defined in file [/media/user/1E0A28FD0A28D395/Learning/Microservices/Event-Driven/project/microservices-demo/twitter-to-kafka-service/target/classes/com/microservices/demo/twitter/to/kafka/service/runner/impl/StreamRunnerImpl.class]: Unsatisfied dependency expressed through constructor parameter 0; nested exception is org.springframework.beans.factory.NoSuchBeanDefinitionException: No qualifying bean of type 'com.microservices.demo.appconfig.config.TwitterToConfigServerConfigData' available: expected at least 1 bean which qualifies as autowire candidate. Dependency annotations: {}
2021-08-18 11:21:47 [main] INFO  o.s.b.a.l.ConditionEvaluationReportLoggingListener -
				

Error starting ApplicationContext. To display the conditions report re-run your application with 'debug' enabled.
2021-08-18 11:21:48 [main] ERROR o.s.b.d.LoggingFailureAnalysisReporter -
				

***************************
APPLICATION FAILED TO START
***************************

Description:

Parameter 0 of constructor in com.microservices.demo.twitter.to.kafka.service.runner.impl.StreamRunnerImpl required a bean of type 'com.microservices.demo.appconfig.config.TwitterToConfigServerConfigData' that could not be found.


Action:

Consider defining a bean of type 'com.microservices.demo.appconfig.config.TwitterToConfigServerConfigData' in your configuration.

2021-08-18 11:27:25 [main] INFO  o.s.c.c.c.ConfigServicePropertySourceLocator -
				Fetching config from server at : http://localhost:8888
2021-08-18 11:27:26 [main] INFO  o.s.c.c.c.ConfigServicePropertySourceLocator -
				Located environment: name=twitter-to-kafka, profiles=[default], label=null, version=42585ca1a7089e40042d6f8521f0eddee758b925, state=null
2021-08-18 11:27:26 [main] INFO  o.s.c.b.c.PropertySourceBootstrapConfiguration -
				Located property source: [BootstrapPropertySource {name='bootstrapProperties-configClient'}, BootstrapPropertySource {name='bootstrapProperties-https://github.com/padmajan87/spring-cloud-config-repository.git/twitter-to-kafka.yml'}]
2021-08-18 11:27:26 [main] INFO  c.m.d.t.t.k.s.TwitterToKafkaServiceApplication -
				No active profile set, falling back to default profiles: default
2021-08-18 11:27:27 [main] INFO  o.s.cloud.context.scope.GenericScope -
				BeanFactory id=16d0e1c3-a7ee-3771-8c07-b2d4815b640f
2021-08-18 11:27:27 [main] WARN  o.s.b.w.r.c.AnnotationConfigReactiveWebServerApplicationContext -
				Exception encountered during context initialization - cancelling refresh attempt: org.springframework.beans.factory.UnsatisfiedDependencyException: Error creating bean with name 'twitterToKafkaServiceApplication': Unsatisfied dependency expressed through constructor parameter 0; nested exception is org.springframework.beans.factory.UnsatisfiedDependencyException: Error creating bean with name 'streamRunnerImpl' defined in file [/media/user/1E0A28FD0A28D395/Learning/Microservices/Event-Driven/project/microservices-demo/twitter-to-kafka-service/target/classes/com/microservices/demo/twitter/to/kafka/service/runner/impl/StreamRunnerImpl.class]: Unsatisfied dependency expressed through constructor parameter 0; nested exception is org.springframework.beans.factory.NoSuchBeanDefinitionException: No qualifying bean of type 'com.microservices.demo.appconfig.config.TwitterToConfigServerConfigData' available: expected at least 1 bean which qualifies as autowire candidate. Dependency annotations: {}
2021-08-18 11:27:27 [main] INFO  o.s.b.a.l.ConditionEvaluationReportLoggingListener -
				

Error starting ApplicationContext. To display the conditions report re-run your application with 'debug' enabled.
2021-08-18 11:27:28 [main] ERROR o.s.b.d.LoggingFailureAnalysisReporter -
				

***************************
APPLICATION FAILED TO START
***************************

Description:

Parameter 0 of constructor in com.microservices.demo.twitter.to.kafka.service.runner.impl.StreamRunnerImpl required a bean of type 'com.microservices.demo.appconfig.config.TwitterToConfigServerConfigData' that could not be found.


Action:

Consider defining a bean of type 'com.microservices.demo.appconfig.config.TwitterToConfigServerConfigData' in your configuration.

2021-08-18 11:38:52 [main] INFO  o.s.c.c.c.ConfigServicePropertySourceLocator -
				Fetching config from server at : http://localhost:8888
2021-08-18 11:38:54 [main] INFO  o.s.c.c.c.ConfigServicePropertySourceLocator -
				Located environment: name=twitter-to-kafka, profiles=[default], label=null, version=42585ca1a7089e40042d6f8521f0eddee758b925, state=null
2021-08-18 11:38:54 [main] INFO  o.s.c.b.c.PropertySourceBootstrapConfiguration -
				Located property source: [BootstrapPropertySource {name='bootstrapProperties-configClient'}, BootstrapPropertySource {name='bootstrapProperties-https://github.com/padmajan87/spring-cloud-config-repository.git/twitter-to-kafka.yml'}]
2021-08-18 11:38:54 [main] INFO  c.m.d.t.t.k.s.TwitterToKafkaServiceApplication -
				No active profile set, falling back to default profiles: default
2021-08-18 11:38:55 [main] INFO  o.s.cloud.context.scope.GenericScope -
				BeanFactory id=16d0e1c3-a7ee-3771-8c07-b2d4815b640f
2021-08-18 11:38:55 [main] WARN  o.s.b.w.r.c.AnnotationConfigReactiveWebServerApplicationContext -
				Exception encountered during context initialization - cancelling refresh attempt: org.springframework.beans.factory.UnsatisfiedDependencyException: Error creating bean with name 'twitterToKafkaServiceApplication': Unsatisfied dependency expressed through constructor parameter 0; nested exception is org.springframework.beans.factory.UnsatisfiedDependencyException: Error creating bean with name 'streamRunnerImpl' defined in file [/media/user/1E0A28FD0A28D395/Learning/Microservices/Event-Driven/project/microservices-demo/twitter-to-kafka-service/target/classes/com/microservices/demo/twitter/to/kafka/service/runner/impl/StreamRunnerImpl.class]: Unsatisfied dependency expressed through constructor parameter 0; nested exception is org.springframework.beans.factory.NoSuchBeanDefinitionException: No qualifying bean of type 'com.microservices.demo.appconfig.config.TwitterToConfigServerConfigData' available: expected at least 1 bean which qualifies as autowire candidate. Dependency annotations: {}
2021-08-18 11:38:55 [main] INFO  o.s.b.a.l.ConditionEvaluationReportLoggingListener -
				

Error starting ApplicationContext. To display the conditions report re-run your application with 'debug' enabled.
2021-08-18 11:38:56 [main] ERROR o.s.b.d.LoggingFailureAnalysisReporter -
				

***************************
APPLICATION FAILED TO START
***************************

Description:

Parameter 0 of constructor in com.microservices.demo.twitter.to.kafka.service.runner.impl.StreamRunnerImpl required a bean of type 'com.microservices.demo.appconfig.config.TwitterToConfigServerConfigData' that could not be found.


Action:

Consider defining a bean of type 'com.microservices.demo.appconfig.config.TwitterToConfigServerConfigData' in your configuration.

2021-08-18 12:29:10 [main] INFO  o.s.c.c.c.ConfigServicePropertySourceLocator -
				Fetching config from server at : http://localhost:8888
2021-08-18 12:29:11 [main] INFO  o.s.c.c.c.ConfigServicePropertySourceLocator -
				Located environment: name=twitter-to-kafka, profiles=[default], label=null, version=42585ca1a7089e40042d6f8521f0eddee758b925, state=null
2021-08-18 12:29:11 [main] INFO  o.s.c.b.c.PropertySourceBootstrapConfiguration -
				Located property source: [BootstrapPropertySource {name='bootstrapProperties-configClient'}, BootstrapPropertySource {name='bootstrapProperties-https://github.com/padmajan87/spring-cloud-config-repository.git/twitter-to-kafka.yml'}]
2021-08-18 12:29:11 [main] INFO  c.m.d.t.t.k.s.TwitterToKafkaServiceApplication -
				No active profile set, falling back to default profiles: default
2021-08-18 12:29:12 [main] INFO  o.s.cloud.context.scope.GenericScope -
				BeanFactory id=16d0e1c3-a7ee-3771-8c07-b2d4815b640f
2021-08-18 12:29:12 [main] WARN  o.s.b.w.r.c.AnnotationConfigReactiveWebServerApplicationContext -
				Exception encountered during context initialization - cancelling refresh attempt: org.springframework.beans.factory.UnsatisfiedDependencyException: Error creating bean with name 'twitterToKafkaServiceApplication': Unsatisfied dependency expressed through constructor parameter 0; nested exception is org.springframework.beans.factory.UnsatisfiedDependencyException: Error creating bean with name 'streamRunnerImpl' defined in file [/media/user/1E0A28FD0A28D395/Learning/Microservices/Event-Driven/project/microservices-demo/twitter-to-kafka-service/target/classes/com/microservices/demo/twitter/to/kafka/service/runner/impl/StreamRunnerImpl.class]: Unsatisfied dependency expressed through constructor parameter 0; nested exception is org.springframework.beans.factory.NoSuchBeanDefinitionException: No qualifying bean of type 'com.microservices.demo.appconfig.config.TwitterToConfigServerConfigData' available: expected at least 1 bean which qualifies as autowire candidate. Dependency annotations: {}
2021-08-18 12:29:12 [main] INFO  o.s.b.a.l.ConditionEvaluationReportLoggingListener -
				

Error starting ApplicationContext. To display the conditions report re-run your application with 'debug' enabled.
2021-08-18 12:29:13 [main] ERROR o.s.b.d.LoggingFailureAnalysisReporter -
				

***************************
APPLICATION FAILED TO START
***************************

Description:

Parameter 0 of constructor in com.microservices.demo.twitter.to.kafka.service.runner.impl.StreamRunnerImpl required a bean of type 'com.microservices.demo.appconfig.config.TwitterToConfigServerConfigData' that could not be found.


Action:

Consider defining a bean of type 'com.microservices.demo.appconfig.config.TwitterToConfigServerConfigData' in your configuration.

2021-08-18 12:53:12 [main] INFO  o.s.c.c.c.ConfigServicePropertySourceLocator -
				Fetching config from server at : http://localhost:8888
2021-08-18 12:53:14 [main] INFO  o.s.c.c.c.ConfigServicePropertySourceLocator -
				Located environment: name=twitter-to-kafka, profiles=[default], label=null, version=42585ca1a7089e40042d6f8521f0eddee758b925, state=null
2021-08-18 12:53:14 [main] INFO  o.s.c.b.c.PropertySourceBootstrapConfiguration -
				Located property source: [BootstrapPropertySource {name='bootstrapProperties-configClient'}, BootstrapPropertySource {name='bootstrapProperties-https://github.com/padmajan87/spring-cloud-config-repository.git/twitter-to-kafka.yml'}]
2021-08-18 12:53:14 [main] INFO  c.m.d.t.t.k.s.TwitterToKafkaServiceApplication -
				No active profile set, falling back to default profiles: default
2021-08-18 12:53:15 [main] INFO  o.s.cloud.context.scope.GenericScope -
				BeanFactory id=c8f80fca-03b5-380a-b617-d40aeaca6fdb
2021-08-18 12:53:16 [main] WARN  o.s.b.w.r.c.AnnotationConfigReactiveWebServerApplicationContext -
				Exception encountered during context initialization - cancelling refresh attempt: org.springframework.beans.factory.UnsatisfiedDependencyException: Error creating bean with name 'twitterToKafkaServiceApplication': Unsatisfied dependency expressed through constructor parameter 0; nested exception is org.springframework.beans.factory.UnsatisfiedDependencyException: Error creating bean with name 'streamRunnerImpl' defined in file [/media/user/1E0A28FD0A28D395/Learning/Microservices/Event-Driven/project/microservices-demo/twitter-to-kafka-service/target/classes/com/microservices/demo/twitter/to/kafka/service/runner/impl/StreamRunnerImpl.class]: Unsatisfied dependency expressed through constructor parameter 1; nested exception is org.springframework.beans.factory.UnsatisfiedDependencyException: Error creating bean with name 'twitterKafkaStatusListener' defined in file [/media/user/1E0A28FD0A28D395/Learning/Microservices/Event-Driven/project/microservices-demo/twitter-to-kafka-service/target/classes/com/microservices/demo/twitter/to/kafka/service/listener/TwitterKafkaStatusListener.class]: Unsatisfied dependency expressed through constructor parameter 1; nested exception is org.springframework.beans.factory.UnsatisfiedDependencyException: Error creating bean with name 'twitterKafkaProducer' defined in file [/media/user/1E0A28FD0A28D395/Learning/Microservices/Event-Driven/project/microservices-demo/kafka/kafka-producer/target/classes/com/microservices/demo/kafka/producer/service/impl/TwitterKafkaProducer.class]: Unsatisfied dependency expressed through constructor parameter 0; nested exception is org.springframework.beans.factory.BeanCreationException: Error creating bean with name 'kafkaTemplate' defined in class path resource [com/microservices/demo/kafka/producer/config/KafkaProducerConfig.class]: Bean instantiation via factory method failed; nested exception is org.springframework.beans.BeanInstantiationException: Failed to instantiate [org.springframework.kafka.core.KafkaTemplate]: Factory method 'kafkaTemplate' threw exception; nested exception is org.springframework.beans.factory.BeanCreationException: Error creating bean with name 'producerFactory' defined in class path resource [com/microservices/demo/kafka/producer/config/KafkaProducerConfig.class]: Bean instantiation via factory method failed; nested exception is org.springframework.beans.BeanInstantiationException: Failed to instantiate [org.springframework.kafka.core.ProducerFactory]: Factory method 'producerFactory' threw exception; nested exception is org.springframework.beans.factory.BeanCreationException: Error creating bean with name 'producerConfig' defined in class path resource [com/microservices/demo/kafka/producer/config/KafkaProducerConfig.class]: Bean instantiation via factory method failed; nested exception is org.springframework.beans.BeanInstantiationException: Failed to instantiate [java.util.Map]: Factory method 'producerConfig' threw exception; nested exception is java.lang.NullPointerException: Cannot invoke "java.lang.Integer.intValue()" because the return value of "com.microservices.demo.appconfig.config.KafkaProducerConfigData.getBatchSize()" is null
2021-08-18 12:53:16 [main] INFO  o.s.b.a.l.ConditionEvaluationReportLoggingListener -
				

Error starting ApplicationContext. To display the conditions report re-run your application with 'debug' enabled.
2021-08-18 12:53:16 [main] ERROR o.s.boot.SpringApplication -
				Application run failed
org.springframework.beans.factory.UnsatisfiedDependencyException: Error creating bean with name 'twitterToKafkaServiceApplication': Unsatisfied dependency expressed through constructor parameter 0; nested exception is org.springframework.beans.factory.UnsatisfiedDependencyException: Error creating bean with name 'streamRunnerImpl' defined in file [/media/user/1E0A28FD0A28D395/Learning/Microservices/Event-Driven/project/microservices-demo/twitter-to-kafka-service/target/classes/com/microservices/demo/twitter/to/kafka/service/runner/impl/StreamRunnerImpl.class]: Unsatisfied dependency expressed through constructor parameter 1; nested exception is org.springframework.beans.factory.UnsatisfiedDependencyException: Error creating bean with name 'twitterKafkaStatusListener' defined in file [/media/user/1E0A28FD0A28D395/Learning/Microservices/Event-Driven/project/microservices-demo/twitter-to-kafka-service/target/classes/com/microservices/demo/twitter/to/kafka/service/listener/TwitterKafkaStatusListener.class]: Unsatisfied dependency expressed through constructor parameter 1; nested exception is org.springframework.beans.factory.UnsatisfiedDependencyException: Error creating bean with name 'twitterKafkaProducer' defined in file [/media/user/1E0A28FD0A28D395/Learning/Microservices/Event-Driven/project/microservices-demo/kafka/kafka-producer/target/classes/com/microservices/demo/kafka/producer/service/impl/TwitterKafkaProducer.class]: Unsatisfied dependency expressed through constructor parameter 0; nested exception is org.springframework.beans.factory.BeanCreationException: Error creating bean with name 'kafkaTemplate' defined in class path resource [com/microservices/demo/kafka/producer/config/KafkaProducerConfig.class]: Bean instantiation via factory method failed; nested exception is org.springframework.beans.BeanInstantiationException: Failed to instantiate [org.springframework.kafka.core.KafkaTemplate]: Factory method 'kafkaTemplate' threw exception; nested exception is org.springframework.beans.factory.BeanCreationException: Error creating bean with name 'producerFactory' defined in class path resource [com/microservices/demo/kafka/producer/config/KafkaProducerConfig.class]: Bean instantiation via factory method failed; nested exception is org.springframework.beans.BeanInstantiationException: Failed to instantiate [org.springframework.kafka.core.ProducerFactory]: Factory method 'producerFactory' threw exception; nested exception is org.springframework.beans.factory.BeanCreationException: Error creating bean with name 'producerConfig' defined in class path resource [com/microservices/demo/kafka/producer/config/KafkaProducerConfig.class]: Bean instantiation via factory method failed; nested exception is org.springframework.beans.BeanInstantiationException: Failed to instantiate [java.util.Map]: Factory method 'producerConfig' threw exception; nested exception is java.lang.NullPointerException: Cannot invoke "java.lang.Integer.intValue()" because the return value of "com.microservices.demo.appconfig.config.KafkaProducerConfigData.getBatchSize()" is null
	at org.springframework.beans.factory.support.ConstructorResolver.createArgumentArray(ConstructorResolver.java:797)
	at org.springframework.beans.factory.support.ConstructorResolver.autowireConstructor(ConstructorResolver.java:227)
	at org.springframework.beans.factory.support.AbstractAutowireCapableBeanFactory.autowireConstructor(AbstractAutowireCapableBeanFactory.java:1356)
	at org.springframework.beans.factory.support.AbstractAutowireCapableBeanFactory.createBeanInstance(AbstractAutowireCapableBeanFactory.java:1203)
	at org.springframework.beans.factory.support.AbstractAutowireCapableBeanFactory.doCreateBean(AbstractAutowireCapableBeanFactory.java:556)
	at org.springframework.beans.factory.support.AbstractAutowireCapableBeanFactory.createBean(AbstractAutowireCapableBeanFactory.java:516)
	at org.springframework.beans.factory.support.AbstractBeanFactory.lambda$doGetBean$0(AbstractBeanFactory.java:324)
	at org.springframework.beans.factory.support.DefaultSingletonBeanRegistry.getSingleton(DefaultSingletonBeanRegistry.java:234)
	at org.springframework.beans.factory.support.AbstractBeanFactory.doGetBean(AbstractBeanFactory.java:322)
	at org.springframework.beans.factory.support.AbstractBeanFactory.getBean(AbstractBeanFactory.java:202)
	at org.springframework.beans.factory.support.DefaultListableBeanFactory.preInstantiateSingletons(DefaultListableBeanFactory.java:897)
	at org.springframework.context.support.AbstractApplicationContext.finishBeanFactoryInitialization(AbstractApplicationContext.java:879)
	at org.springframework.context.support.AbstractApplicationContext.refresh(AbstractApplicationContext.java:551)
	at org.springframework.boot.web.reactive.context.ReactiveWebServerApplicationContext.refresh(ReactiveWebServerApplicationContext.java:62)
	at org.springframework.boot.SpringApplication.refresh(SpringApplication.java:758)
	at org.springframework.boot.SpringApplication.refresh(SpringApplication.java:750)
	at org.springframework.boot.SpringApplication.refreshContext(SpringApplication.java:397)
	at org.springframework.boot.SpringApplication.run(SpringApplication.java:315)
	at org.springframework.boot.SpringApplication.run(SpringApplication.java:1237)
	at org.springframework.boot.SpringApplication.run(SpringApplication.java:1226)
	at com.microservices.demo.twitter.to.kafka.service.TwitterToKafkaServiceApplication.main(TwitterToKafkaServiceApplication.java:28)
Caused by: org.springframework.beans.factory.UnsatisfiedDependencyException: Error creating bean with name 'streamRunnerImpl' defined in file [/media/user/1E0A28FD0A28D395/Learning/Microservices/Event-Driven/project/microservices-demo/twitter-to-kafka-service/target/classes/com/microservices/demo/twitter/to/kafka/service/runner/impl/StreamRunnerImpl.class]: Unsatisfied dependency expressed through constructor parameter 1; nested exception is org.springframework.beans.factory.UnsatisfiedDependencyException: Error creating bean with name 'twitterKafkaStatusListener' defined in file [/media/user/1E0A28FD0A28D395/Learning/Microservices/Event-Driven/project/microservices-demo/twitter-to-kafka-service/target/classes/com/microservices/demo/twitter/to/kafka/service/listener/TwitterKafkaStatusListener.class]: Unsatisfied dependency expressed through constructor parameter 1; nested exception is org.springframework.beans.factory.UnsatisfiedDependencyException: Error creating bean with name 'twitterKafkaProducer' defined in file [/media/user/1E0A28FD0A28D395/Learning/Microservices/Event-Driven/project/microservices-demo/kafka/kafka-producer/target/classes/com/microservices/demo/kafka/producer/service/impl/TwitterKafkaProducer.class]: Unsatisfied dependency expressed through constructor parameter 0; nested exception is org.springframework.beans.factory.BeanCreationException: Error creating bean with name 'kafkaTemplate' defined in class path resource [com/microservices/demo/kafka/producer/config/KafkaProducerConfig.class]: Bean instantiation via factory method failed; nested exception is org.springframework.beans.BeanInstantiationException: Failed to instantiate [org.springframework.kafka.core.KafkaTemplate]: Factory method 'kafkaTemplate' threw exception; nested exception is org.springframework.beans.factory.BeanCreationException: Error creating bean with name 'producerFactory' defined in class path resource [com/microservices/demo/kafka/producer/config/KafkaProducerConfig.class]: Bean instantiation via factory method failed; nested exception is org.springframework.beans.BeanInstantiationException: Failed to instantiate [org.springframework.kafka.core.ProducerFactory]: Factory method 'producerFactory' threw exception; nested exception is org.springframework.beans.factory.BeanCreationException: Error creating bean with name 'producerConfig' defined in class path resource [com/microservices/demo/kafka/producer/config/KafkaProducerConfig.class]: Bean instantiation via factory method failed; nested exception is org.springframework.beans.BeanInstantiationException: Failed to instantiate [java.util.Map]: Factory method 'producerConfig' threw exception; nested exception is java.lang.NullPointerException: Cannot invoke "java.lang.Integer.intValue()" because the return value of "com.microservices.demo.appconfig.config.KafkaProducerConfigData.getBatchSize()" is null
	at org.springframework.beans.factory.support.ConstructorResolver.createArgumentArray(ConstructorResolver.java:797)
	at org.springframework.beans.factory.support.ConstructorResolver.autowireConstructor(ConstructorResolver.java:227)
	at org.springframework.beans.factory.support.AbstractAutowireCapableBeanFactory.autowireConstructor(AbstractAutowireCapableBeanFactory.java:1356)
	at org.springframework.beans.factory.support.AbstractAutowireCapableBeanFactory.createBeanInstance(AbstractAutowireCapableBeanFactory.java:1203)
	at org.springframework.beans.factory.support.AbstractAutowireCapableBeanFactory.doCreateBean(AbstractAutowireCapableBeanFactory.java:556)
	at org.springframework.beans.factory.support.AbstractAutowireCapableBeanFactory.createBean(AbstractAutowireCapableBeanFactory.java:516)
	at org.springframework.beans.factory.support.AbstractBeanFactory.lambda$doGetBean$0(AbstractBeanFactory.java:324)
	at org.springframework.beans.factory.support.DefaultSingletonBeanRegistry.getSingleton(DefaultSingletonBeanRegistry.java:234)
	at org.springframework.beans.factory.support.AbstractBeanFactory.doGetBean(AbstractBeanFactory.java:322)
	at org.springframework.beans.factory.support.AbstractBeanFactory.getBean(AbstractBeanFactory.java:202)
	at org.springframework.beans.factory.config.DependencyDescriptor.resolveCandidate(DependencyDescriptor.java:276)
	at org.springframework.beans.factory.support.DefaultListableBeanFactory.doResolveDependency(DefaultListableBeanFactory.java:1307)
	at org.springframework.beans.factory.support.DefaultListableBeanFactory.resolveDependency(DefaultListableBeanFactory.java:1227)
	at org.springframework.beans.factory.support.ConstructorResolver.resolveAutowiredArgument(ConstructorResolver.java:884)
	at org.springframework.beans.factory.support.ConstructorResolver.createArgumentArray(ConstructorResolver.java:788)
	... 20 common frames omitted
Caused by: org.springframework.beans.factory.UnsatisfiedDependencyException: Error creating bean with name 'twitterKafkaStatusListener' defined in file [/media/user/1E0A28FD0A28D395/Learning/Microservices/Event-Driven/project/microservices-demo/twitter-to-kafka-service/target/classes/com/microservices/demo/twitter/to/kafka/service/listener/TwitterKafkaStatusListener.class]: Unsatisfied dependency expressed through constructor parameter 1; nested exception is org.springframework.beans.factory.UnsatisfiedDependencyException: Error creating bean with name 'twitterKafkaProducer' defined in file [/media/user/1E0A28FD0A28D395/Learning/Microservices/Event-Driven/project/microservices-demo/kafka/kafka-producer/target/classes/com/microservices/demo/kafka/producer/service/impl/TwitterKafkaProducer.class]: Unsatisfied dependency expressed through constructor parameter 0; nested exception is org.springframework.beans.factory.BeanCreationException: Error creating bean with name 'kafkaTemplate' defined in class path resource [com/microservices/demo/kafka/producer/config/KafkaProducerConfig.class]: Bean instantiation via factory method failed; nested exception is org.springframework.beans.BeanInstantiationException: Failed to instantiate [org.springframework.kafka.core.KafkaTemplate]: Factory method 'kafkaTemplate' threw exception; nested exception is org.springframework.beans.factory.BeanCreationException: Error creating bean with name 'producerFactory' defined in class path resource [com/microservices/demo/kafka/producer/config/KafkaProducerConfig.class]: Bean instantiation via factory method failed; nested exception is org.springframework.beans.BeanInstantiationException: Failed to instantiate [org.springframework.kafka.core.ProducerFactory]: Factory method 'producerFactory' threw exception; nested exception is org.springframework.beans.factory.BeanCreationException: Error creating bean with name 'producerConfig' defined in class path resource [com/microservices/demo/kafka/producer/config/KafkaProducerConfig.class]: Bean instantiation via factory method failed; nested exception is org.springframework.beans.BeanInstantiationException: Failed to instantiate [java.util.Map]: Factory method 'producerConfig' threw exception; nested exception is java.lang.NullPointerException: Cannot invoke "java.lang.Integer.intValue()" because the return value of "com.microservices.demo.appconfig.config.KafkaProducerConfigData.getBatchSize()" is null
	at org.springframework.beans.factory.support.ConstructorResolver.createArgumentArray(ConstructorResolver.java:797)
	at org.springframework.beans.factory.support.ConstructorResolver.autowireConstructor(ConstructorResolver.java:227)
	at org.springframework.beans.factory.support.AbstractAutowireCapableBeanFactory.autowireConstructor(AbstractAutowireCapableBeanFactory.java:1356)
	at org.springframework.beans.factory.support.AbstractAutowireCapableBeanFactory.createBeanInstance(AbstractAutowireCapableBeanFactory.java:1203)
	at org.springframework.beans.factory.support.AbstractAutowireCapableBeanFactory.doCreateBean(AbstractAutowireCapableBeanFactory.java:556)
	at org.springframework.beans.factory.support.AbstractAutowireCapableBeanFactory.createBean(AbstractAutowireCapableBeanFactory.java:516)
	at org.springframework.beans.factory.support.AbstractBeanFactory.lambda$doGetBean$0(AbstractBeanFactory.java:324)
	at org.springframework.beans.factory.support.DefaultSingletonBeanRegistry.getSingleton(DefaultSingletonBeanRegistry.java:234)
	at org.springframework.beans.factory.support.AbstractBeanFactory.doGetBean(AbstractBeanFactory.java:322)
	at org.springframework.beans.factory.support.AbstractBeanFactory.getBean(AbstractBeanFactory.java:202)
	at org.springframework.beans.factory.config.DependencyDescriptor.resolveCandidate(DependencyDescriptor.java:276)
	at org.springframework.beans.factory.support.DefaultListableBeanFactory.doResolveDependency(DefaultListableBeanFactory.java:1307)
	at org.springframework.beans.factory.support.DefaultListableBeanFactory.resolveDependency(DefaultListableBeanFactory.java:1227)
	at org.springframework.beans.factory.support.ConstructorResolver.resolveAutowiredArgument(ConstructorResolver.java:884)
	at org.springframework.beans.factory.support.ConstructorResolver.createArgumentArray(ConstructorResolver.java:788)
	... 34 common frames omitted
Caused by: org.springframework.beans.factory.UnsatisfiedDependencyException: Error creating bean with name 'twitterKafkaProducer' defined in file [/media/user/1E0A28FD0A28D395/Learning/Microservices/Event-Driven/project/microservices-demo/kafka/kafka-producer/target/classes/com/microservices/demo/kafka/producer/service/impl/TwitterKafkaProducer.class]: Unsatisfied dependency expressed through constructor parameter 0; nested exception is org.springframework.beans.factory.BeanCreationException: Error creating bean with name 'kafkaTemplate' defined in class path resource [com/microservices/demo/kafka/producer/config/KafkaProducerConfig.class]: Bean instantiation via factory method failed; nested exception is org.springframework.beans.BeanInstantiationException: Failed to instantiate [org.springframework.kafka.core.KafkaTemplate]: Factory method 'kafkaTemplate' threw exception; nested exception is org.springframework.beans.factory.BeanCreationException: Error creating bean with name 'producerFactory' defined in class path resource [com/microservices/demo/kafka/producer/config/KafkaProducerConfig.class]: Bean instantiation via factory method failed; nested exception is org.springframework.beans.BeanInstantiationException: Failed to instantiate [org.springframework.kafka.core.ProducerFactory]: Factory method 'producerFactory' threw exception; nested exception is org.springframework.beans.factory.BeanCreationException: Error creating bean with name 'producerConfig' defined in class path resource [com/microservices/demo/kafka/producer/config/KafkaProducerConfig.class]: Bean instantiation via factory method failed; nested exception is org.springframework.beans.BeanInstantiationException: Failed to instantiate [java.util.Map]: Factory method 'producerConfig' threw exception; nested exception is java.lang.NullPointerException: Cannot invoke "java.lang.Integer.intValue()" because the return value of "com.microservices.demo.appconfig.config.KafkaProducerConfigData.getBatchSize()" is null
	at org.springframework.beans.factory.support.ConstructorResolver.createArgumentArray(ConstructorResolver.java:797)
	at org.springframework.beans.factory.support.ConstructorResolver.autowireConstructor(ConstructorResolver.java:227)
	at org.springframework.beans.factory.support.AbstractAutowireCapableBeanFactory.autowireConstructor(AbstractAutowireCapableBeanFactory.java:1356)
	at org.springframework.beans.factory.support.AbstractAutowireCapableBeanFactory.createBeanInstance(AbstractAutowireCapableBeanFactory.java:1203)
	at org.springframework.beans.factory.support.AbstractAutowireCapableBeanFactory.doCreateBean(AbstractAutowireCapableBeanFactory.java:556)
	at org.springframework.beans.factory.support.AbstractAutowireCapableBeanFactory.createBean(AbstractAutowireCapableBeanFactory.java:516)
	at org.springframework.beans.factory.support.AbstractBeanFactory.lambda$doGetBean$0(AbstractBeanFactory.java:324)
	at org.springframework.beans.factory.support.DefaultSingletonBeanRegistry.getSingleton(DefaultSingletonBeanRegistry.java:234)
	at org.springframework.beans.factory.support.AbstractBeanFactory.doGetBean(AbstractBeanFactory.java:322)
	at org.springframework.beans.factory.support.AbstractBeanFactory.getBean(AbstractBeanFactory.java:202)
	at org.springframework.beans.factory.config.DependencyDescriptor.resolveCandidate(DependencyDescriptor.java:276)
	at org.springframework.beans.factory.support.DefaultListableBeanFactory.doResolveDependency(DefaultListableBeanFactory.java:1307)
	at org.springframework.beans.factory.support.DefaultListableBeanFactory.resolveDependency(DefaultListableBeanFactory.java:1227)
	at org.springframework.beans.factory.support.ConstructorResolver.resolveAutowiredArgument(ConstructorResolver.java:884)
	at org.springframework.beans.factory.support.ConstructorResolver.createArgumentArray(ConstructorResolver.java:788)
	... 48 common frames omitted
Caused by: org.springframework.beans.factory.BeanCreationException: Error creating bean with name 'kafkaTemplate' defined in class path resource [com/microservices/demo/kafka/producer/config/KafkaProducerConfig.class]: Bean instantiation via factory method failed; nested exception is org.springframework.beans.BeanInstantiationException: Failed to instantiate [org.springframework.kafka.core.KafkaTemplate]: Factory method 'kafkaTemplate' threw exception; nested exception is org.springframework.beans.factory.BeanCreationException: Error creating bean with name 'producerFactory' defined in class path resource [com/microservices/demo/kafka/producer/config/KafkaProducerConfig.class]: Bean instantiation via factory method failed; nested exception is org.springframework.beans.BeanInstantiationException: Failed to instantiate [org.springframework.kafka.core.ProducerFactory]: Factory method 'producerFactory' threw exception; nested exception is org.springframework.beans.factory.BeanCreationException: Error creating bean with name 'producerConfig' defined in class path resource [com/microservices/demo/kafka/producer/config/KafkaProducerConfig.class]: Bean instantiation via factory method failed; nested exception is org.springframework.beans.BeanInstantiationException: Failed to instantiate [java.util.Map]: Factory method 'producerConfig' threw exception; nested exception is java.lang.NullPointerException: Cannot invoke "java.lang.Integer.intValue()" because the return value of "com.microservices.demo.appconfig.config.KafkaProducerConfigData.getBatchSize()" is null
	at org.springframework.beans.factory.support.ConstructorResolver.instantiate(ConstructorResolver.java:655)
	at org.springframework.beans.factory.support.ConstructorResolver.instantiateUsingFactoryMethod(ConstructorResolver.java:483)
	at org.springframework.beans.factory.support.AbstractAutowireCapableBeanFactory.instantiateUsingFactoryMethod(AbstractAutowireCapableBeanFactory.java:1336)
	at org.springframework.beans.factory.support.AbstractAutowireCapableBeanFactory.createBeanInstance(AbstractAutowireCapableBeanFactory.java:1176)
	at org.springframework.beans.factory.support.AbstractAutowireCapableBeanFactory.doCreateBean(AbstractAutowireCapableBeanFactory.java:556)
	at org.springframework.beans.factory.support.AbstractAutowireCapableBeanFactory.createBean(AbstractAutowireCapableBeanFactory.java:516)
	at org.springframework.beans.factory.support.AbstractBeanFactory.lambda$doGetBean$0(AbstractBeanFactory.java:324)
	at org.springframework.beans.factory.support.DefaultSingletonBeanRegistry.getSingleton(DefaultSingletonBeanRegistry.java:234)
	at org.springframework.beans.factory.support.AbstractBeanFactory.doGetBean(AbstractBeanFactory.java:322)
	at org.springframework.beans.factory.support.AbstractBeanFactory.getBean(AbstractBeanFactory.java:202)
	at org.springframework.beans.factory.config.DependencyDescriptor.resolveCandidate(DependencyDescriptor.java:276)
	at org.springframework.beans.factory.support.DefaultListableBeanFactory.doResolveDependency(DefaultListableBeanFactory.java:1307)
	at org.springframework.beans.factory.support.DefaultListableBeanFactory.resolveDependency(DefaultListableBeanFactory.java:1227)
	at org.springframework.beans.factory.support.ConstructorResolver.resolveAutowiredArgument(ConstructorResolver.java:884)
	at org.springframework.beans.factory.support.ConstructorResolver.createArgumentArray(ConstructorResolver.java:788)
	... 62 common frames omitted
Caused by: org.springframework.beans.BeanInstantiationException: Failed to instantiate [org.springframework.kafka.core.KafkaTemplate]: Factory method 'kafkaTemplate' threw exception; nested exception is org.springframework.beans.factory.BeanCreationException: Error creating bean with name 'producerFactory' defined in class path resource [com/microservices/demo/kafka/producer/config/KafkaProducerConfig.class]: Bean instantiation via factory method failed; nested exception is org.springframework.beans.BeanInstantiationException: Failed to instantiate [org.springframework.kafka.core.ProducerFactory]: Factory method 'producerFactory' threw exception; nested exception is org.springframework.beans.factory.BeanCreationException: Error creating bean with name 'producerConfig' defined in class path resource [com/microservices/demo/kafka/producer/config/KafkaProducerConfig.class]: Bean instantiation via factory method failed; nested exception is org.springframework.beans.BeanInstantiationException: Failed to instantiate [java.util.Map]: Factory method 'producerConfig' threw exception; nested exception is java.lang.NullPointerException: Cannot invoke "java.lang.Integer.intValue()" because the return value of "com.microservices.demo.appconfig.config.KafkaProducerConfigData.getBatchSize()" is null
	at org.springframework.beans.factory.support.SimpleInstantiationStrategy.instantiate(SimpleInstantiationStrategy.java:185)
	at org.springframework.beans.factory.support.ConstructorResolver.instantiate(ConstructorResolver.java:650)
	... 76 common frames omitted
Caused by: org.springframework.beans.factory.BeanCreationException: Error creating bean with name 'producerFactory' defined in class path resource [com/microservices/demo/kafka/producer/config/KafkaProducerConfig.class]: Bean instantiation via factory method failed; nested exception is org.springframework.beans.BeanInstantiationException: Failed to instantiate [org.springframework.kafka.core.ProducerFactory]: Factory method 'producerFactory' threw exception; nested exception is org.springframework.beans.factory.BeanCreationException: Error creating bean with name 'producerConfig' defined in class path resource [com/microservices/demo/kafka/producer/config/KafkaProducerConfig.class]: Bean instantiation via factory method failed; nested exception is org.springframework.beans.BeanInstantiationException: Failed to instantiate [java.util.Map]: Factory method 'producerConfig' threw exception; nested exception is java.lang.NullPointerException: Cannot invoke "java.lang.Integer.intValue()" because the return value of "com.microservices.demo.appconfig.config.KafkaProducerConfigData.getBatchSize()" is null
	at org.springframework.beans.factory.support.ConstructorResolver.instantiate(ConstructorResolver.java:655)
	at org.springframework.beans.factory.support.ConstructorResolver.instantiateUsingFactoryMethod(ConstructorResolver.java:483)
	at org.springframework.beans.factory.support.AbstractAutowireCapableBeanFactory.instantiateUsingFactoryMethod(AbstractAutowireCapableBeanFactory.java:1336)
	at org.springframework.beans.factory.support.AbstractAutowireCapableBeanFactory.createBeanInstance(AbstractAutowireCapableBeanFactory.java:1176)
	at org.springframework.beans.factory.support.AbstractAutowireCapableBeanFactory.doCreateBean(AbstractAutowireCapableBeanFactory.java:556)
	at org.springframework.beans.factory.support.AbstractAutowireCapableBeanFactory.createBean(AbstractAutowireCapableBeanFactory.java:516)
	at org.springframework.beans.factory.support.AbstractBeanFactory.lambda$doGetBean$0(AbstractBeanFactory.java:324)
	at org.springframework.beans.factory.support.DefaultSingletonBeanRegistry.getSingleton(DefaultSingletonBeanRegistry.java:234)
	at org.springframework.beans.factory.support.AbstractBeanFactory.doGetBean(AbstractBeanFactory.java:322)
	at org.springframework.beans.factory.support.AbstractBeanFactory.getBean(AbstractBeanFactory.java:202)
	at org.springframework.context.annotation.ConfigurationClassEnhancer$BeanMethodInterceptor.resolveBeanReference(ConfigurationClassEnhancer.java:362)
	at org.springframework.context.annotation.ConfigurationClassEnhancer$BeanMethodInterceptor.intercept(ConfigurationClassEnhancer.java:334)
	at com.microservices.demo.kafka.producer.config.KafkaProducerConfig$$EnhancerBySpringCGLIB$$61cffbc4.producerFactory(<generated>)
	at com.microservices.demo.kafka.producer.config.KafkaProducerConfig.kafkaTemplate(KafkaProducerConfig.java:53)
	at com.microservices.demo.kafka.producer.config.KafkaProducerConfig$$EnhancerBySpringCGLIB$$61cffbc4.CGLIB$kafkaTemplate$1(<generated>)
	at com.microservices.demo.kafka.producer.config.KafkaProducerConfig$$EnhancerBySpringCGLIB$$61cffbc4$$FastClassBySpringCGLIB$$513abbb4.invoke(<generated>)
	at org.springframework.cglib.proxy.MethodProxy.invokeSuper(MethodProxy.java:244)
	at org.springframework.context.annotation.ConfigurationClassEnhancer$BeanMethodInterceptor.intercept(ConfigurationClassEnhancer.java:331)
	at com.microservices.demo.kafka.producer.config.KafkaProducerConfig$$EnhancerBySpringCGLIB$$61cffbc4.kafkaTemplate(<generated>)
	at java.base/jdk.internal.reflect.NativeMethodAccessorImpl.invoke0(Native Method)
	at java.base/jdk.internal.reflect.NativeMethodAccessorImpl.invoke(NativeMethodAccessorImpl.java:78)
	at java.base/jdk.internal.reflect.DelegatingMethodAccessorImpl.invoke(DelegatingMethodAccessorImpl.java:43)
	at java.base/java.lang.reflect.Method.invoke(Method.java:567)
	at org.springframework.beans.factory.support.SimpleInstantiationStrategy.instantiate(SimpleInstantiationStrategy.java:154)
	... 77 common frames omitted
Caused by: org.springframework.beans.BeanInstantiationException: Failed to instantiate [org.springframework.kafka.core.ProducerFactory]: Factory method 'producerFactory' threw exception; nested exception is org.springframework.beans.factory.BeanCreationException: Error creating bean with name 'producerConfig' defined in class path resource [com/microservices/demo/kafka/producer/config/KafkaProducerConfig.class]: Bean instantiation via factory method failed; nested exception is org.springframework.beans.BeanInstantiationException: Failed to instantiate [java.util.Map]: Factory method 'producerConfig' threw exception; nested exception is java.lang.NullPointerException: Cannot invoke "java.lang.Integer.intValue()" because the return value of "com.microservices.demo.appconfig.config.KafkaProducerConfigData.getBatchSize()" is null
	at org.springframework.beans.factory.support.SimpleInstantiationStrategy.instantiate(SimpleInstantiationStrategy.java:185)
	at org.springframework.beans.factory.support.ConstructorResolver.instantiate(ConstructorResolver.java:650)
	... 100 common frames omitted
Caused by: org.springframework.beans.factory.BeanCreationException: Error creating bean with name 'producerConfig' defined in class path resource [com/microservices/demo/kafka/producer/config/KafkaProducerConfig.class]: Bean instantiation via factory method failed; nested exception is org.springframework.beans.BeanInstantiationException: Failed to instantiate [java.util.Map]: Factory method 'producerConfig' threw exception; nested exception is java.lang.NullPointerException: Cannot invoke "java.lang.Integer.intValue()" because the return value of "com.microservices.demo.appconfig.config.KafkaProducerConfigData.getBatchSize()" is null
	at org.springframework.beans.factory.support.ConstructorResolver.instantiate(ConstructorResolver.java:655)
	at org.springframework.beans.factory.support.ConstructorResolver.instantiateUsingFactoryMethod(ConstructorResolver.java:483)
	at org.springframework.beans.factory.support.AbstractAutowireCapableBeanFactory.instantiateUsingFactoryMethod(AbstractAutowireCapableBeanFactory.java:1336)
	at org.springframework.beans.factory.support.AbstractAutowireCapableBeanFactory.createBeanInstance(AbstractAutowireCapableBeanFactory.java:1176)
	at org.springframework.beans.factory.support.AbstractAutowireCapableBeanFactory.doCreateBean(AbstractAutowireCapableBeanFactory.java:556)
	at org.springframework.beans.factory.support.AbstractAutowireCapableBeanFactory.createBean(AbstractAutowireCapableBeanFactory.java:516)
	at org.springframework.beans.factory.support.AbstractBeanFactory.lambda$doGetBean$0(AbstractBeanFactory.java:324)
	at org.springframework.beans.factory.support.DefaultSingletonBeanRegistry.getSingleton(DefaultSingletonBeanRegistry.java:234)
	at org.springframework.beans.factory.support.AbstractBeanFactory.doGetBean(AbstractBeanFactory.java:322)
	at org.springframework.beans.factory.support.AbstractBeanFactory.getBean(AbstractBeanFactory.java:202)
	at org.springframework.context.annotation.ConfigurationClassEnhancer$BeanMethodInterceptor.resolveBeanReference(ConfigurationClassEnhancer.java:362)
	at org.springframework.context.annotation.ConfigurationClassEnhancer$BeanMethodInterceptor.intercept(ConfigurationClassEnhancer.java:334)
	at com.microservices.demo.kafka.producer.config.KafkaProducerConfig$$EnhancerBySpringCGLIB$$61cffbc4.producerConfig(<generated>)
	at com.microservices.demo.kafka.producer.config.KafkaProducerConfig.producerFactory(KafkaProducerConfig.java:48)
	at com.microservices.demo.kafka.producer.config.KafkaProducerConfig$$EnhancerBySpringCGLIB$$61cffbc4.CGLIB$producerFactory$0(<generated>)
	at com.microservices.demo.kafka.producer.config.KafkaProducerConfig$$EnhancerBySpringCGLIB$$61cffbc4$$FastClassBySpringCGLIB$$513abbb4.invoke(<generated>)
	at org.springframework.cglib.proxy.MethodProxy.invokeSuper(MethodProxy.java:244)
	at org.springframework.context.annotation.ConfigurationClassEnhancer$BeanMethodInterceptor.intercept(ConfigurationClassEnhancer.java:331)
	at com.microservices.demo.kafka.producer.config.KafkaProducerConfig$$EnhancerBySpringCGLIB$$61cffbc4.producerFactory(<generated>)
	at java.base/jdk.internal.reflect.NativeMethodAccessorImpl.invoke0(Native Method)
	at java.base/jdk.internal.reflect.NativeMethodAccessorImpl.invoke(NativeMethodAccessorImpl.java:78)
	at java.base/jdk.internal.reflect.DelegatingMethodAccessorImpl.invoke(DelegatingMethodAccessorImpl.java:43)
	at java.base/java.lang.reflect.Method.invoke(Method.java:567)
	at org.springframework.beans.factory.support.SimpleInstantiationStrategy.instantiate(SimpleInstantiationStrategy.java:154)
	... 101 common frames omitted
Caused by: org.springframework.beans.BeanInstantiationException: Failed to instantiate [java.util.Map]: Factory method 'producerConfig' threw exception; nested exception is java.lang.NullPointerException: Cannot invoke "java.lang.Integer.intValue()" because the return value of "com.microservices.demo.appconfig.config.KafkaProducerConfigData.getBatchSize()" is null
	at org.springframework.beans.factory.support.SimpleInstantiationStrategy.instantiate(SimpleInstantiationStrategy.java:185)
	at org.springframework.beans.factory.support.ConstructorResolver.instantiate(ConstructorResolver.java:650)
	... 124 common frames omitted
Caused by: java.lang.NullPointerException: Cannot invoke "java.lang.Integer.intValue()" because the return value of "com.microservices.demo.appconfig.config.KafkaProducerConfigData.getBatchSize()" is null
	at com.microservices.demo.kafka.producer.config.KafkaProducerConfig.producerConfig(KafkaProducerConfig.java:37)
	at com.microservices.demo.kafka.producer.config.KafkaProducerConfig$$EnhancerBySpringCGLIB$$61cffbc4.CGLIB$producerConfig$2(<generated>)
	at com.microservices.demo.kafka.producer.config.KafkaProducerConfig$$EnhancerBySpringCGLIB$$61cffbc4$$FastClassBySpringCGLIB$$513abbb4.invoke(<generated>)
	at org.springframework.cglib.proxy.MethodProxy.invokeSuper(MethodProxy.java:244)
	at org.springframework.context.annotation.ConfigurationClassEnhancer$BeanMethodInterceptor.intercept(ConfigurationClassEnhancer.java:331)
	at com.microservices.demo.kafka.producer.config.KafkaProducerConfig$$EnhancerBySpringCGLIB$$61cffbc4.producerConfig(<generated>)
	at java.base/jdk.internal.reflect.NativeMethodAccessorImpl.invoke0(Native Method)
	at java.base/jdk.internal.reflect.NativeMethodAccessorImpl.invoke(NativeMethodAccessorImpl.java:78)
	at java.base/jdk.internal.reflect.DelegatingMethodAccessorImpl.invoke(DelegatingMethodAccessorImpl.java:43)
	at java.base/java.lang.reflect.Method.invoke(Method.java:567)
	at org.springframework.beans.factory.support.SimpleInstantiationStrategy.instantiate(SimpleInstantiationStrategy.java:154)
	... 125 common frames omitted
2021-08-18 12:55:43 [main] INFO  o.s.c.c.c.ConfigServicePropertySourceLocator -
				Fetching config from server at : http://localhost:8888
2021-08-18 12:55:46 [main] INFO  o.s.c.c.c.ConfigServicePropertySourceLocator -
				Located environment: name=twitter-to-kafka, profiles=[default], label=null, version=f173b95182c643c284e361047561bb0cd69730e4, state=null
2021-08-18 12:55:46 [main] INFO  o.s.c.b.c.PropertySourceBootstrapConfiguration -
				Located property source: [BootstrapPropertySource {name='bootstrapProperties-configClient'}, BootstrapPropertySource {name='bootstrapProperties-https://github.com/padmajan87/spring-cloud-config-repository.git/twitter-to-kafka.yml'}]
2021-08-18 12:55:46 [main] INFO  c.m.d.t.t.k.s.TwitterToKafkaServiceApplication -
				No active profile set, falling back to default profiles: default
2021-08-18 12:55:47 [main] INFO  o.s.cloud.context.scope.GenericScope -
				BeanFactory id=c8f80fca-03b5-380a-b617-d40aeaca6fdb
2021-08-18 12:55:47 [main] INFO  o.a.k.c.admin.AdminClientConfig -
				AdminClientConfig values: 
	bootstrap.servers = [localhost:19092, localhost:29092, localhost:39092]
	client.dns.lookup = default
	client.id = 
	connections.max.idle.ms = 300000
	default.api.timeout.ms = 60000
	metadata.max.age.ms = 300000
	metric.reporters = []
	metrics.num.samples = 2
	metrics.recording.level = INFO
	metrics.sample.window.ms = 30000
	receive.buffer.bytes = 65536
	reconnect.backoff.max.ms = 1000
	reconnect.backoff.ms = 50
	request.timeout.ms = 30000
	retries = 2147483647
	retry.backoff.ms = 100
	sasl.client.callback.handler.class = null
	sasl.jaas.config = null
	sasl.kerberos.kinit.cmd = /usr/bin/kinit
	sasl.kerberos.min.time.before.relogin = 60000
	sasl.kerberos.service.name = null
	sasl.kerberos.ticket.renew.jitter = 0.05
	sasl.kerberos.ticket.renew.window.factor = 0.8
	sasl.login.callback.handler.class = null
	sasl.login.class = null
	sasl.login.refresh.buffer.seconds = 300
	sasl.login.refresh.min.period.seconds = 60
	sasl.login.refresh.window.factor = 0.8
	sasl.login.refresh.window.jitter = 0.05
	sasl.mechanism = GSSAPI
	security.protocol = PLAINTEXT
	security.providers = null
	send.buffer.bytes = 131072
	ssl.cipher.suites = null
	ssl.enabled.protocols = [TLSv1.2]
	ssl.endpoint.identification.algorithm = https
	ssl.key.password = null
	ssl.keymanager.algorithm = SunX509
	ssl.keystore.location = null
	ssl.keystore.password = null
	ssl.keystore.type = JKS
	ssl.protocol = TLSv1.2
	ssl.provider = null
	ssl.secure.random.implementation = null
	ssl.trustmanager.algorithm = PKIX
	ssl.truststore.location = null
	ssl.truststore.password = null
	ssl.truststore.type = JKS

2021-08-18 12:55:47 [main] INFO  o.a.kafka.common.utils.AppInfoParser -
				Kafka version: 2.5.1
2021-08-18 12:55:47 [main] INFO  o.a.kafka.common.utils.AppInfoParser -
				Kafka commitId: 0efa8fb0f4c73d92
2021-08-18 12:55:47 [main] INFO  o.a.kafka.common.utils.AppInfoParser -
				Kafka startTimeMs: 1629271547928
2021-08-18 12:55:49 [main] INFO  o.s.b.w.e.netty.NettyWebServer -
				Netty started on port(s): 8182
2021-08-18 12:55:49 [main] INFO  c.m.d.t.t.k.s.TwitterToKafkaServiceApplication -
				Started TwitterToKafkaServiceApplication in 9.152 seconds (JVM running for 10.136)
2021-08-18 12:55:49 [main] INFO  c.m.d.k.a.c.clients.KafkaAdminClient -
				Reading kafka topic [twitter-topic],attempt 0
2021-08-18 12:55:50 [main] INFO  java.lang.Thread -
				Topics with names twitter-topic are ready for operation
2021-08-18 12:55:50 [main] INFO  c.m.d.t.t.k.s.r.i.StreamRunnerImpl -
				keywords extracted [Java, Microservices, Spring, Kafka, ElasticSearch]
2021-08-18 12:55:50 [main] INFO  c.m.d.t.t.k.s.r.i.StreamRunnerImpl -
				started filtering
2021-08-18 12:55:50 [Twitter Stream consumer /  [1][initializing]] INFO  twitter4j.TwitterStreamImpl -
				Establishing connection.
2021-08-18 12:55:54 [Twitter Stream consumer /  [1][Establishing connection]] INFO  twitter4j.TwitterStreamImpl -
				Connection established.
2021-08-18 12:55:54 [Twitter Stream consumer /  [1][Establishing connection]] INFO  twitter4j.TwitterStreamImpl -
				Receiving status stream.
2021-08-18 12:55:54 [Twitter4J Async Dispatcher[0]] INFO  c.m.d.t.t.k.s.l.TwitterKafkaStatusListener -
				Twitter status with text @sathpal Nope. Not for me Im afraid :) Spring/Summer for me. In CoVID, autumnal colours have been remarkable but Ill take spring or summer any day.
2021-08-18 12:55:54 [Twitter4J Async Dispatcher[0]] INFO  java.lang.Thread -
				sending message {"userId": 83370222, "id": 1427894485975982083, "text": "@sathpal Nope. Not for me I\u2019m afraid :) Spring/Summer for me. In CoVID, autumnal colours have been remarkable but I\u2019ll take spring or summer any day.", "createdAt": 1629271549000} to topic twitter-topic
2021-08-18 12:55:54 [Twitter4J Async Dispatcher[0]] INFO  o.a.k.c.producer.ProducerConfig -
				ProducerConfig values: 
	acks = -1
	batch.size = 1638400
	bootstrap.servers = [localhost:19092, localhost:29092, localhost:39092]
	buffer.memory = 33554432
	client.dns.lookup = default
	client.id = producer-1
	compression.type = snappy
	connections.max.idle.ms = 540000
	delivery.timeout.ms = 120000
	enable.idempotence = false
	interceptor.classes = []
	key.serializer = class org.apache.kafka.common.serialization.LongSerializer
	linger.ms = 5
	max.block.ms = 60000
	max.in.flight.requests.per.connection = 5
	max.request.size = 1048576
	metadata.max.age.ms = 300000
	metadata.max.idle.ms = 300000
	metric.reporters = []
	metrics.num.samples = 2
	metrics.recording.level = INFO
	metrics.sample.window.ms = 30000
	partitioner.class = class org.apache.kafka.clients.producer.internals.DefaultPartitioner
	receive.buffer.bytes = 32768
	reconnect.backoff.max.ms = 1000
	reconnect.backoff.ms = 50
	request.timeout.ms = 60000
	retries = 5
	retry.backoff.ms = 100
	sasl.client.callback.handler.class = null
	sasl.jaas.config = null
	sasl.kerberos.kinit.cmd = /usr/bin/kinit
	sasl.kerberos.min.time.before.relogin = 60000
	sasl.kerberos.service.name = null
	sasl.kerberos.ticket.renew.jitter = 0.05
	sasl.kerberos.ticket.renew.window.factor = 0.8
	sasl.login.callback.handler.class = null
	sasl.login.class = null
	sasl.login.refresh.buffer.seconds = 300
	sasl.login.refresh.min.period.seconds = 60
	sasl.login.refresh.window.factor = 0.8
	sasl.login.refresh.window.jitter = 0.05
	sasl.mechanism = GSSAPI
	security.protocol = PLAINTEXT
	security.providers = null
	send.buffer.bytes = 131072
	ssl.cipher.suites = null
	ssl.enabled.protocols = [TLSv1.2]
	ssl.endpoint.identification.algorithm = https
	ssl.key.password = null
	ssl.keymanager.algorithm = SunX509
	ssl.keystore.location = null
	ssl.keystore.password = null
	ssl.keystore.type = JKS
	ssl.protocol = TLSv1.2
	ssl.provider = null
	ssl.secure.random.implementation = null
	ssl.trustmanager.algorithm = PKIX
	ssl.truststore.location = null
	ssl.truststore.password = null
	ssl.truststore.type = JKS
	transaction.timeout.ms = 60000
	transactional.id = null
	value.serializer = class io.confluent.kafka.serializers.KafkaAvroSerializer

2021-08-18 12:55:54 [Twitter4J Async Dispatcher[0]] INFO  i.c.k.s.KafkaAvroSerializerConfig -
				KafkaAvroSerializerConfig values: 
	bearer.auth.token = [hidden]
	proxy.port = -1
	schema.reflection = false
	auto.register.schemas = true
	max.schemas.per.subject = 1000
	basic.auth.credentials.source = URL
	value.subject.name.strategy = class io.confluent.kafka.serializers.subject.TopicNameStrategy
	schema.registry.url = [http://localhost:8081]
	basic.auth.user.info = [hidden]
	proxy.host = 
	use.latest.version = false
	schema.registry.basic.auth.user.info = [hidden]
	bearer.auth.credentials.source = STATIC_TOKEN
	key.subject.name.strategy = class io.confluent.kafka.serializers.subject.TopicNameStrategy

2021-08-18 12:55:54 [Twitter4J Async Dispatcher[0]] WARN  o.a.k.c.producer.ProducerConfig -
				The configuration 'internal.auto.downgrade.txn.commit' was supplied but isn't a known config.
2021-08-18 12:55:54 [Twitter4J Async Dispatcher[0]] INFO  o.a.kafka.common.utils.AppInfoParser -
				Kafka version: 2.5.1
2021-08-18 12:55:54 [Twitter4J Async Dispatcher[0]] INFO  o.a.kafka.common.utils.AppInfoParser -
				Kafka commitId: 0efa8fb0f4c73d92
2021-08-18 12:55:54 [Twitter4J Async Dispatcher[0]] INFO  o.a.kafka.common.utils.AppInfoParser -
				Kafka startTimeMs: 1629271554636
2021-08-18 12:55:54 [kafka-producer-network-thread | producer-1] INFO  org.apache.kafka.clients.Metadata -
				[Producer clientId=producer-1] Cluster ID: I_xlyR4zRju7R7qTv61Tkw
2021-08-18 12:55:55 [Twitter4J Async Dispatcher[0]] INFO  c.m.d.t.t.k.s.l.TwitterKafkaStatusListener -
				Twitter status with text Getting ready for spring.. @montecouture.bymbali https://t.co/zC8anvjHro
2021-08-18 12:55:55 [Twitter4J Async Dispatcher[0]] INFO  java.lang.Thread -
				sending message {"userId": 150994388, "id": 1427894488702361604, "text": "Getting ready for spring.. @montecouture.bymbali https://t.co/zC8anvjHro", "createdAt": 1629271549000} to topic twitter-topic
2021-08-18 12:55:55 [Twitter4J Async Dispatcher[0]] INFO  c.m.d.t.t.k.s.l.TwitterKafkaStatusListener -
				Twitter status with text RT @bebe_sope: @/spring030993 is trying making money again but don't order anything from her.we all got fooled and scammed by her in the pa
2021-08-18 12:55:55 [Twitter4J Async Dispatcher[0]] INFO  java.lang.Thread -
				sending message {"userId": 2877858368, "id": 1427894492099530758, "text": "RT @bebe_sope: @/spring030993 is trying making money again but don't order anything from her.we all got fooled and scammed by her in the pa\u2026", "createdAt": 1629271550000} to topic twitter-topic
2021-08-18 12:55:55 [Twitter4J Async Dispatcher[0]] INFO  c.m.d.t.t.k.s.l.TwitterKafkaStatusListener -
				Twitter status with text RT @LekauSehoana: Spring is coming... amaSweedi Mntase.

https://t.co/OCRuDYtRfN https://t.co/tJ1wYL0BIn
2021-08-18 12:55:55 [Twitter4J Async Dispatcher[0]] INFO  java.lang.Thread -
				sending message {"userId": 712912992019554305, "id": 1427894492363956225, "text": "RT @LekauSehoana: Spring is coming... amaSweedi Mntase.\n\nhttps://t.co/OCRuDYtRfN https://t.co/tJ1wYL0BIn", "createdAt": 1629271550000} to topic twitter-topic
2021-08-18 12:55:57 [Twitter4J Async Dispatcher[0]] INFO  c.m.d.t.t.k.s.l.TwitterKafkaStatusListener -
				Twitter status with text RT @Jani__Gee: This is so amazing.
37 years of HIV research (immune system + smart virus) made the Covid vaccine possible and the concentra
2021-08-18 12:55:57 [Twitter4J Async Dispatcher[0]] INFO  java.lang.Thread -
				sending message {"userId": 3226235021, "id": 1427894497170526212, "text": "RT @Jani__Gee: This is so amazing.\n37 years of HIV research (immune system + smart virus) made the Covid vaccine possible and the concentra\u2026", "createdAt": 1629271551000} to topic twitter-topic
2021-08-18 12:55:57 [Twitter4J Async Dispatcher[0]] INFO  c.m.d.t.t.k.s.l.TwitterKafkaStatusListener -
				Twitter status with text SIGN THE PETITION FOR NUG
#RecognizeNUG
#WhatsHappeningInMyanmar
#Aug18Coup https://t.co/ZyfD9FCchU
2021-08-18 12:55:57 [Twitter4J Async Dispatcher[0]] INFO  java.lang.Thread -
				sending message {"userId": 868159043084234752, "id": 1427894499846414337, "text": "SIGN THE PETITION FOR NUG\n#RecognizeNUG\n#WhatsHappeningInMyanmar\n#Aug18Coup https://t.co/ZyfD9FCchU", "createdAt": 1629271552000} to topic twitter-topic
2021-08-18 12:55:57 [Twitter4J Async Dispatcher[0]] INFO  c.m.d.t.t.k.s.l.TwitterKafkaStatusListener -
				Twitter status with text RT @Jani__Gee: This is so amazing.
37 years of HIV research (immune system + smart virus) made the Covid vaccine possible and the concentra
2021-08-18 12:55:57 [Twitter4J Async Dispatcher[0]] INFO  java.lang.Thread -
				sending message {"userId": 4838610792, "id": 1427894499917795328, "text": "RT @Jani__Gee: This is so amazing.\n37 years of HIV research (immune system + smart virus) made the Covid vaccine possible and the concentra\u2026", "createdAt": 1629271552000} to topic twitter-topic
2021-08-18 12:56:00 [RMI TCP Connection(6)-127.0.0.1] INFO  o.s.b.a.SpringApplicationAdminMXBeanRegistrar$SpringApplicationAdmin -
				Application shutdown requested.
2021-08-18 12:56:00 [RMI TCP Connection(6)-127.0.0.1] INFO  c.m.d.t.t.k.s.r.i.StreamRunnerImpl -
				Closing Twitter stream
2021-08-18 12:56:01 [RMI TCP Connection(6)-127.0.0.1] INFO  java.lang.Thread -
				Closing kafka producer
2021-08-18 12:56:01 [RMI TCP Connection(6)-127.0.0.1] INFO  o.a.k.clients.producer.KafkaProducer -
				[Producer clientId=producer-1] Closing the Kafka producer with timeoutMillis = 30000 ms.
